# JRE version: OpenJDK Runtime Environment Microsoft-8035246 (17.0.8+7) (build 17.0.8+7-LTS)
# Java VM: OpenJDK 64-Bit Server VM Microsoft-8035246 (17.0.8+7-LTS, mixed mode, sharing, tiered, compressed oops, compressed class ptrs, g1 gc, windows-amd64)
GC Precious Log:
 CPUs: 8 total, 8 available
 Memory: 16026M
 Large Page Support: Disabled
 NUMA Support: Disabled
 Compressed Oops: Enabled (32-bit)
 Heap Region Size: 1M
 Heap Min Capacity: 8M
 Heap Initial Capacity: 252M
 Heap Max Capacity: 2G
 Pre-touch: Disabled
 Parallel Workers: 8
 Concurrent Workers: 2
 Concurrent Refinement Workers: 8
 Periodic GC: Disabled
Heap:
 garbage-first heap   total 256000K, used 205639K [0x0000000080000000, 0x0000000100000000)
  region size 1024K, 44 young (45056K), 3 survivors (3072K)
 Metaspace       used 115908K, committed 116864K, reserved 557056K
  class space    used 15851K, committed 16320K, reserved 425984K
GC Heap History (20 events):
Event: 24.271 GC heap before
{Heap before GC invocations=45 (full 0):
 garbage-first heap   total 212992K, used 172311K [0x0000000080000000, 0x0000000100000000)
  region size 1024K, 54 young (55296K), 9 survivors (9216K)
 Metaspace       used 104318K, committed 105216K, reserved 557056K
  class space    used 14376K, committed 14784K, reserved 425984K
}
Event: 24.279 GC heap after
{Heap after GC invocations=46 (full 0):
 garbage-first heap   total 212992K, used 131648K [0x0000000080000000, 0x0000000100000000)
  region size 1024K, 6 young (6144K), 6 survivors (6144K)
 Metaspace       used 104318K, committed 105216K, reserved 557056K
  class space    used 14376K, committed 14784K, reserved 425984K
}
Event: 24.721 GC heap before
{Heap before GC invocations=46 (full 0):
 garbage-first heap   total 212992K, used 173632K [0x0000000080000000, 0x0000000100000000)
  region size 1024K, 47 young (48128K), 6 survivors (6144K)
 Metaspace       used 107331K, committed 108224K, reserved 557056K
  class space    used 14843K, committed 15296K, reserved 425984K
}
Event: 24.726 GC heap after
{Heap after GC invocations=47 (full 0):
 garbage-first heap   total 212992K, used 134322K [0x0000000080000000, 0x0000000100000000)
  region size 1024K, 3 young (3072K), 3 survivors (3072K)
 Metaspace       used 107331K, committed 108224K, reserved 557056K
  class space    used 14843K, committed 15296K, reserved 425984K
}
Event: 25.269 GC heap before
{Heap before GC invocations=47 (full 0):
 garbage-first heap   total 212992K, used 176306K [0x0000000080000000, 0x0000000100000000)
  region size 1024K, 44 young (45056K), 3 survivors (3072K)
 Metaspace       used 110520K, committed 111488K, reserved 557056K
  class space    used 15226K, committed 15680K, reserved 425984K
}
Event: 25.275 GC heap after
{Heap after GC invocations=48 (full 0):
 garbage-first heap   total 212992K, used 137486K [0x0000000080000000, 0x0000000100000000)
  region size 1024K, 6 young (6144K), 6 survivors (6144K)
 Metaspace       used 110520K, committed 111488K, reserved 557056K
  class space    used 15226K, committed 15680K, reserved 425984K
}
Event: 25.686 GC heap before
{Heap before GC invocations=48 (full 0):
 garbage-first heap   total 212992K, used 178446K [0x0000000080000000, 0x0000000100000000)
  region size 1024K, 46 young (47104K), 6 survivors (6144K)
 Metaspace       used 112000K, committed 112960K, reserved 557056K
  class space    used 15404K, committed 15872K, reserved 425984K
}
Event: 25.693 GC heap after
{Heap after GC invocations=49 (full 0):
 garbage-first heap   total 212992K, used 141322K [0x0000000080000000, 0x0000000100000000)
  region size 1024K, 5 young (5120K), 5 survivors (5120K)
 Metaspace       used 112000K, committed 112960K, reserved 557056K
  class space    used 15404K, committed 15872K, reserved 425984K
}
Event: 25.991 GC heap before
{Heap before GC invocations=49 (full 0):
 garbage-first heap   total 212992K, used 178186K [0x0000000080000000, 0x0000000100000000)
  region size 1024K, 41 young (41984K), 5 survivors (5120K)
 Metaspace       used 112591K, committed 113600K, reserved 557056K
  class space    used 15464K, committed 15936K, reserved 425984K
}
Event: 25.997 GC heap after
{Heap after GC invocations=50 (full 0):
 garbage-first heap   total 212992K, used 145556K [0x0000000080000000, 0x0000000100000000)
  region size 1024K, 5 young (5120K), 5 survivors (5120K)
 Metaspace       used 112591K, committed 113600K, reserved 557056K
  class space    used 15464K, committed 15936K, reserved 425984K
}
Event: 26.320 GC heap before
{Heap before GC invocations=50 (full 0):
 garbage-first heap   total 212992K, used 183444K [0x0000000080000000, 0x0000000100000000)
  region size 1024K, 38 young (38912K), 5 survivors (5120K)
 Metaspace       used 114907K, committed 115904K, reserved 557056K
  class space    used 15752K, committed 16256K, reserved 425984K
}
Event: 26.326 GC heap after
{Heap after GC invocations=51 (full 0):
 garbage-first heap   total 212992K, used 149733K [0x0000000080000000, 0x0000000100000000)
  region size 1024K, 5 young (5120K), 5 survivors (5120K)
 Metaspace       used 114907K, committed 115904K, reserved 557056K
  class space    used 15752K, committed 16256K, reserved 425984K
}
Event: 26.579 GC heap before
{Heap before GC invocations=51 (full 0):
 garbage-first heap   total 212992K, used 178405K [0x0000000080000000, 0x0000000100000000)
  region size 1024K, 34 young (34816K), 5 survivors (5120K)
 Metaspace       used 115198K, committed 116224K, reserved 557056K
  class space    used 15760K, committed 16256K, reserved 425984K
}
Event: 26.584 GC heap after
{Heap after GC invocations=52 (full 0):
 garbage-first heap   total 212992K, used 150769K [0x0000000080000000, 0x0000000100000000)
  region size 1024K, 2 young (2048K), 2 survivors (2048K)
 Metaspace       used 115198K, committed 116224K, reserved 557056K
  class space    used 15760K, committed 16256K, reserved 425984K
}
Event: 26.813 GC heap before
{Heap before GC invocations=52 (full 0):
 garbage-first heap   total 212992K, used 181489K [0x0000000080000000, 0x0000000100000000)
  region size 1024K, 32 young (32768K), 2 survivors (2048K)
 Metaspace       used 115743K, committed 116736K, reserved 557056K
  class space    used 15848K, committed 16320K, reserved 425984K
}
Event: 26.818 GC heap after
{Heap after GC invocations=53 (full 0):
 garbage-first heap   total 212992K, used 154917K [0x0000000080000000, 0x0000000100000000)
  region size 1024K, 4 young (4096K), 4 survivors (4096K)
 Metaspace       used 115743K, committed 116736K, reserved 557056K
  class space    used 15848K, committed 16320K, reserved 425984K
}
Event: 26.931 GC heap before
{Heap before GC invocations=53 (full 0):
 garbage-first heap   total 212992K, used 179493K [0x0000000080000000, 0x0000000100000000)
  region size 1024K, 29 young (29696K), 4 survivors (4096K)
 Metaspace       used 115801K, committed 116800K, reserved 557056K
  class space    used 15848K, committed 16320K, reserved 425984K
}
Event: 26.935 GC heap after
{Heap after GC invocations=54 (full 0):
 garbage-first heap   total 212992K, used 156679K [0x0000000080000000, 0x0000000100000000)
  region size 1024K, 2 young (2048K), 2 survivors (2048K)
 Metaspace       used 115801K, committed 116800K, reserved 557056K
  class space    used 15848K, committed 16320K, reserved 425984K
}
Event: 27.185 GC heap before
{Heap before GC invocations=54 (full 0):
 garbage-first heap   total 212992K, used 181255K [0x0000000080000000, 0x0000000100000000)
  region size 1024K, 27 young (27648K), 2 survivors (2048K)
 Metaspace       used 115812K, committed 116800K, reserved 557056K
  class space    used 15848K, committed 16320K, reserved 425984K
}
Event: 27.188 GC heap after
{Heap after GC invocations=55 (full 0):
 garbage-first heap   total 256000K, used 157511K [0x0000000080000000, 0x0000000100000000)
  region size 1024K, 3 young (3072K), 3 survivors (3072K)
 Metaspace       used 115812K, committed 116800K, reserved 557056K
  class space    used 15848K, committed 16320K, reserved 425984K
}

