# JRE version: OpenJDK Runtime Environment Microsoft-8035246 (17.0.8+7) (build 17.0.8+7-LTS)
# Java VM: OpenJDK 64-Bit Server VM Microsoft-8035246 (17.0.8+7-LTS, mixed mode, sharing, tiered, compressed oops, compressed class ptrs, g1 gc, windows-amd64)
GC Precious Log:
 CPUs: 8 total, 8 available
 Memory: 16026M
 Large Page Support: Disabled
 NUMA Support: Disabled
 Compressed Oops: Enabled (32-bit)
 Heap Region Size: 1M
 Heap Min Capacity: 8M
 Heap Initial Capacity: 252M
 Heap Max Capacity: 2G
 Pre-touch: Disabled
 Parallel Workers: 8
 Concurrent Workers: 2
 Concurrent Refinement Workers: 8
 Periodic GC: Disabled
Heap:
 garbage-first heap   total 302080K, used 204225K [0x0000000080000000, 0x0000000100000000)
  region size 1024K, 56 young (57344K), 10 survivors (10240K)
 Metaspace       used 108535K, committed 109504K, reserved 557056K
  class space    used 14950K, committed 15424K, reserved 425984K
GC Heap History (20 events):
Event: 17.869 GC heap before
{Heap before GC invocations=42 (full 0):
 garbage-first heap   total 168960K, used 124654K [0x0000000080000000, 0x0000000100000000)
  region size 1024K, 37 young (37888K), 1 survivors (1024K)
 Metaspace       used 79894K, committed 80640K, reserved 557056K
  class space    used 11034K, committed 11392K, reserved 425984K
}
Event: 17.872 GC heap after
{Heap after GC invocations=43 (full 0):
 garbage-first heap   total 168960K, used 89152K [0x0000000080000000, 0x0000000100000000)
  region size 1024K, 2 young (2048K), 2 survivors (2048K)
 Metaspace       used 79894K, committed 80640K, reserved 557056K
  class space    used 11034K, committed 11392K, reserved 425984K
}
Event: 18.257 GC heap before
{Heap before GC invocations=44 (full 0):
 garbage-first heap   total 168960K, used 128064K [0x0000000080000000, 0x0000000100000000)
  region size 1024K, 40 young (40960K), 2 survivors (2048K)
 Metaspace       used 82818K, committed 83584K, reserved 557056K
  class space    used 11410K, committed 11776K, reserved 425984K
}
Event: 18.261 GC heap after
{Heap after GC invocations=45 (full 0):
 garbage-first heap   total 168960K, used 90670K [0x0000000080000000, 0x0000000100000000)
  region size 1024K, 4 young (4096K), 4 survivors (4096K)
 Metaspace       used 82818K, committed 83584K, reserved 557056K
  class space    used 11410K, committed 11776K, reserved 425984K
}
Event: 18.316 GC heap before
{Heap before GC invocations=45 (full 0):
 garbage-first heap   total 168960K, used 94766K [0x0000000080000000, 0x0000000100000000)
  region size 1024K, 8 young (8192K), 4 survivors (4096K)
 Metaspace       used 83139K, committed 83904K, reserved 557056K
  class space    used 11465K, committed 11840K, reserved 425984K
}
Event: 18.320 GC heap after
{Heap after GC invocations=46 (full 0):
 garbage-first heap   total 168960K, used 90707K [0x0000000080000000, 0x0000000100000000)
  region size 1024K, 1 young (1024K), 1 survivors (1024K)
 Metaspace       used 83139K, committed 83904K, reserved 557056K
  class space    used 11465K, committed 11840K, reserved 425984K
}
Event: 18.512 GC heap before
{Heap before GC invocations=46 (full 0):
 garbage-first heap   total 168960K, used 130643K [0x0000000080000000, 0x0000000100000000)
  region size 1024K, 40 young (40960K), 1 survivors (1024K)
 Metaspace       used 83331K, committed 84096K, reserved 557056K
  class space    used 11496K, committed 11840K, reserved 425984K
}
Event: 18.515 GC heap after
{Heap after GC invocations=47 (full 0):
 garbage-first heap   total 302080K, used 93383K [0x0000000080000000, 0x0000000100000000)
  region size 1024K, 4 young (4096K), 4 survivors (4096K)
 Metaspace       used 83331K, committed 84096K, reserved 557056K
  class space    used 11496K, committed 11840K, reserved 425984K
}
Event: 22.779 GC heap before
{Heap before GC invocations=48 (full 0):
 garbage-first heap   total 302080K, used 220359K [0x0000000080000000, 0x0000000100000000)
  region size 1024K, 127 young (130048K), 4 survivors (4096K)
 Metaspace       used 91644K, committed 92416K, reserved 557056K
  class space    used 12800K, committed 13184K, reserved 425984K
}
Event: 22.787 GC heap after
{Heap after GC invocations=49 (full 0):
 garbage-first heap   total 302080K, used 98581K [0x0000000080000000, 0x0000000100000000)
  region size 1024K, 9 young (9216K), 9 survivors (9216K)
 Metaspace       used 91644K, committed 92416K, reserved 557056K
  class space    used 12800K, committed 13184K, reserved 425984K
}
Event: 22.842 GC heap before
{Heap before GC invocations=49 (full 0):
 garbage-first heap   total 302080K, used 102677K [0x0000000080000000, 0x0000000100000000)
  region size 1024K, 14 young (14336K), 9 survivors (9216K)
 Metaspace       used 91940K, committed 92672K, reserved 557056K
  class space    used 12855K, committed 13184K, reserved 425984K
}
Event: 22.847 GC heap after
{Heap after GC invocations=50 (full 0):
 garbage-first heap   total 302080K, used 99067K [0x0000000080000000, 0x0000000100000000)
  region size 1024K, 1 young (1024K), 1 survivors (1024K)
 Metaspace       used 91940K, committed 92672K, reserved 557056K
  class space    used 12855K, committed 13184K, reserved 425984K
}
Event: 24.584 GC heap before
{Heap before GC invocations=50 (full 0):
 garbage-first heap   total 302080K, used 231163K [0x0000000080000000, 0x0000000100000000)
  region size 1024K, 125 young (128000K), 1 survivors (1024K)
 Metaspace       used 96079K, committed 96960K, reserved 557056K
  class space    used 13375K, committed 13824K, reserved 425984K
}
Event: 24.594 GC heap after
{Heap after GC invocations=51 (full 0):
 garbage-first heap   total 302080K, used 124928K [0x0000000080000000, 0x0000000100000000)
  region size 1024K, 16 young (16384K), 16 survivors (16384K)
 Metaspace       used 96079K, committed 96960K, reserved 557056K
  class space    used 13375K, committed 13824K, reserved 425984K
}
Event: 26.019 GC heap before
{Heap before GC invocations=51 (full 0):
 garbage-first heap   total 302080K, used 233472K [0x0000000080000000, 0x0000000100000000)
  region size 1024K, 118 young (120832K), 16 survivors (16384K)
 Metaspace       used 102523K, committed 103488K, reserved 557056K
  class space    used 14237K, committed 14720K, reserved 425984K
}
Event: 26.032 GC heap after
{Heap after GC invocations=52 (full 0):
 garbage-first heap   total 302080K, used 140857K [0x0000000080000000, 0x0000000100000000)
  region size 1024K, 12 young (12288K), 12 survivors (12288K)
 Metaspace       used 102523K, committed 103488K, reserved 557056K
  class space    used 14237K, committed 14720K, reserved 425984K
}
Event: 26.849 GC heap before
{Heap before GC invocations=52 (full 0):
 garbage-first heap   total 302080K, used 234041K [0x0000000080000000, 0x0000000100000000)
  region size 1024K, 103 young (105472K), 12 survivors (12288K)
 Metaspace       used 105179K, committed 106176K, reserved 557056K
  class space    used 14549K, committed 15040K, reserved 425984K
}
Event: 26.860 GC heap after
{Heap after GC invocations=53 (full 0):
 garbage-first heap   total 302080K, used 149607K [0x0000000080000000, 0x0000000100000000)
  region size 1024K, 10 young (10240K), 10 survivors (10240K)
 Metaspace       used 105179K, committed 106176K, reserved 557056K
  class space    used 14549K, committed 15040K, reserved 425984K
}
Event: 27.691 GC heap before
{Heap before GC invocations=53 (full 0):
 garbage-first heap   total 302080K, used 242791K [0x0000000080000000, 0x0000000100000000)
  region size 1024K, 97 young (99328K), 10 survivors (10240K)
 Metaspace       used 108408K, committed 109440K, reserved 557056K
  class space    used 14949K, committed 15424K, reserved 425984K
}
Event: 27.703 GC heap after
{Heap after GC invocations=54 (full 0):
 garbage-first heap   total 302080K, used 159169K [0x0000000080000000, 0x0000000100000000)
  region size 1024K, 10 young (10240K), 10 survivors (10240K)
 Metaspace       used 108408K, committed 109440K, reserved 557056K
  class space    used 14949K, committed 15424K, reserved 425984K
}

